Сборка начата 07.06.2017 1:12:36.
     1>Проект "C:\Users\Nikita\Documents\ConsoleApplication1\ConsoleApplication1\ConsoleApplication1.vcxproj" в узле 2 (целевые объекты Build).
     1>ClCompile:
         C:\Program Files (x86)\Microsoft Visual Studio 12.0\VC\bin\CL.exe /c /ZI /nologo /W3 /WX- /sdl /Od /Oy- /D WIN32 /D _DEBUG /D _CONSOLE /D _LIB /D _UNICODE /D UNICODE /Gm /EHsc /RTC1 /MDd /GS /fp:precise /Zc:wchar_t /Zc:forScope /Yu"stdafx.h" /Fp"Debug\ConsoleApplication1.pch" /Fo"Debug\\" /Fd"Debug\vc120.pdb" /Gd /TP /analyze- /errorReport:prompt ConsoleApplication1.cpp
         ConsoleApplication1.cpp
     1>c:\users\nikita\documents\consoleapplication1\consoleapplication1\consoleapplication1.cpp(85): warning C4244: =: преобразование "float" в "int", возможна потеря данных
     1>c:\users\nikita\documents\consoleapplication1\consoleapplication1\consoleapplication1.cpp(86): warning C4244: =: преобразование "float" в "int", возможна потеря данных
     1>c:\users\nikita\documents\consoleapplication1\consoleapplication1\consoleapplication1.cpp(100): warning C4244: аргумент: преобразование "time_t" в "unsigned int", возможна потеря данных
     1>c:\users\nikita\documents\consoleapplication1\consoleapplication1\consoleapplication1.cpp(106): warning C4244: аргумент: преобразование "time_t" в "unsigned int", возможна потеря данных
     1>c:\users\nikita\documents\consoleapplication1\consoleapplication1\consoleapplication1.cpp(140): warning C4244: аргумент: преобразование "time_t" в "unsigned int", возможна потеря данных
     1>c:\users\nikita\documents\consoleapplication1\consoleapplication1\consoleapplication1.cpp(166): warning C4244: аргумент: преобразование "time_t" в "unsigned int", возможна потеря данных
     1>c:\users\nikita\documents\consoleapplication1\consoleapplication1\consoleapplication1.cpp(186): warning C4244: аргумент: преобразование "time_t" в "unsigned int", возможна потеря данных
     1>c:\users\nikita\documents\consoleapplication1\consoleapplication1\consoleapplication1.cpp(218): warning C4244: аргумент: преобразование "time_t" в "unsigned int", возможна потеря данных
     1>c:\users\nikita\documents\consoleapplication1\consoleapplication1\consoleapplication1.cpp(242): warning C4244: аргумент: преобразование "time_t" в "unsigned int", возможна потеря данных
     1>c:\users\nikita\documents\consoleapplication1\consoleapplication1\consoleapplication1.cpp(292): warning C4244: аргумент: преобразование "int" в "float", возможна потеря данных
     1>c:\users\nikita\documents\consoleapplication1\consoleapplication1\consoleapplication1.cpp(310): warning C4244: =: преобразование "float" в "int", возможна потеря данных
     1>c:\users\nikita\documents\consoleapplication1\consoleapplication1\consoleapplication1.cpp(311): warning C4244: =: преобразование "float" в "int", возможна потеря данных
       Link:
         C:\Program Files (x86)\Microsoft Visual Studio 12.0\VC\bin\link.exe /ERRORREPORT:PROMPT /OUT:"C:\Users\Nikita\Documents\ConsoleApplication1\Debug\ConsoleApplication1.exe" /INCREMENTAL /NOLOGO "sfml-graphics-d.lib" "sfml-window-d.lib" "sfml-system-d.lib" "sfml-audio-d.lib" "sfml-network-d.lib" kernel32.lib user32.lib gdi32.lib winspool.lib comdlg32.lib advapi32.lib shell32.lib ole32.lib oleaut32.lib uuid.lib odbc32.lib odbccp32.lib /MANIFEST /MANIFESTUAC:"level='asInvoker' uiAccess='false'" /manifest:embed /DEBUG /PDB:"C:\Users\Nikita\Documents\ConsoleApplication1\Debug\ConsoleApplication1.pdb" /SUBSYSTEM:CONSOLE /TLBID:1 /DYNAMICBASE /NXCOMPAT /IMPLIB:"C:\Users\Nikita\Documents\ConsoleApplication1\Debug\ConsoleApplication1.lib" /MACHINE:X86 Debug\ConsoleApplication1.obj
         Debug\stdafx.obj
         ConsoleApplication1.vcxproj -> C:\Users\Nikita\Documents\ConsoleApplication1\Debug\ConsoleApplication1.exe
     1>Сборка проекта "C:\Users\Nikita\Documents\ConsoleApplication1\ConsoleApplication1\ConsoleApplication1.vcxproj" завершена (целевые объекты Build).

Сборка успешно завершена.

Затраченное время: 00:00:01.84
